2025-06-18 21:35:29,653 [INFO] [31m[1mWARNING: This is a development server. Do not use it in a production deployment. Use a production WSGI server instead.[0m
 * Running on all addresses (0.0.0.0)
 * Running on http://127.0.0.1:5000
 * Running on http://192.168.0.7:5000
2025-06-18 21:35:29,653 [INFO] [33mPress CTRL+C to quit[0m
2025-06-18 21:48:06,366 [INFO] [31m[1mWARNING: This is a development server. Do not use it in a production deployment. Use a production WSGI server instead.[0m
 * Running on all addresses (0.0.0.0)
 * Running on http://127.0.0.1:5000
 * Running on http://192.168.0.7:5000
2025-06-18 21:48:06,367 [INFO] [33mPress CTRL+C to quit[0m
2025-06-18 21:48:31,669 [INFO] Error while receiving.
Traceback (most recent call last):
  File "C:\Users\jaehy\anaconda3\Lib\site-packages\py4j\clientserver.py", line 511, in send_command
    answer = smart_decode(self.stream.readline()[:-1])
                          ^^^^^^^^^^^^^^^^^^^^^^
  File "C:\Users\jaehy\anaconda3\Lib\socket.py", line 706, in readinto
    return self._sock.recv_into(b)
           ^^^^^^^^^^^^^^^^^^^^^^^
ConnectionResetError: [WinError 10054] í˜„ì¬ ì—°ê²°ì€ ì›ê²© í˜¸ìŠ¤íŠ¸ì— ì˜í•´ ê°•ì œë¡œ ëŠê²¼ìŠµë‹ˆë‹¤
2025-06-18 21:48:31,674 [INFO] Closing down clientserver connection
2025-06-18 21:48:31,674 [ERROR] Exception while sending command.
Traceback (most recent call last):
  File "C:\Users\jaehy\anaconda3\Lib\site-packages\py4j\clientserver.py", line 511, in send_command
    answer = smart_decode(self.stream.readline()[:-1])
                          ^^^^^^^^^^^^^^^^^^^^^^
  File "C:\Users\jaehy\anaconda3\Lib\socket.py", line 706, in readinto
    return self._sock.recv_into(b)
           ^^^^^^^^^^^^^^^^^^^^^^^
ConnectionResetError: [WinError 10054] í˜„ì¬ ì—°ê²°ì€ ì›ê²© í˜¸ìŠ¤íŠ¸ì— ì˜í•´ ê°•ì œë¡œ ëŠê²¼ìŠµë‹ˆë‹¤

During handling of the above exception, another exception occurred:

Traceback (most recent call last):
  File "C:\Users\jaehy\anaconda3\Lib\site-packages\py4j\java_gateway.py", line 1038, in send_command
    response = connection.send_command(command)
               ^^^^^^^^^^^^^^^^^^^^^^^^^^^^^^^^
  File "C:\Users\jaehy\anaconda3\Lib\site-packages\py4j\clientserver.py", line 539, in send_command
    raise Py4JNetworkError(
py4j.protocol.Py4JNetworkError: Error while sending or receiving
2025-06-18 21:48:31,677 [INFO] Closing down clientserver connection
2025-06-18 21:48:31,715 [INFO] Closing down clientserver connection
2025-06-18 21:48:41,967 [INFO] [31m[1mWARNING: This is a development server. Do not use it in a production deployment. Use a production WSGI server instead.[0m
 * Running on all addresses (0.0.0.0)
 * Running on http://127.0.0.1:5000
 * Running on http://192.168.0.7:5000
2025-06-18 21:48:41,967 [INFO] [33mPress CTRL+C to quit[0m
2025-06-18 21:48:56,856 [INFO] Error while receiving.
Traceback (most recent call last):
  File "C:\Users\jaehy\anaconda3\Lib\site-packages\py4j\clientserver.py", line 511, in send_command
    answer = smart_decode(self.stream.readline()[:-1])
                          ^^^^^^^^^^^^^^^^^^^^^^
  File "C:\Users\jaehy\anaconda3\Lib\socket.py", line 706, in readinto
    return self._sock.recv_into(b)
           ^^^^^^^^^^^^^^^^^^^^^^^
ConnectionResetError: [WinError 10054] í˜„ì¬ ì—°ê²°ì€ ì›ê²© í˜¸ìŠ¤íŠ¸ì— ì˜í•´ ê°•ì œë¡œ ëŠê²¼ìŠµë‹ˆë‹¤
2025-06-18 21:48:56,858 [INFO] Closing down clientserver connection
2025-06-18 21:48:56,858 [ERROR] Exception while sending command.
Traceback (most recent call last):
  File "C:\Users\jaehy\anaconda3\Lib\site-packages\py4j\clientserver.py", line 511, in send_command
    answer = smart_decode(self.stream.readline()[:-1])
                          ^^^^^^^^^^^^^^^^^^^^^^
  File "C:\Users\jaehy\anaconda3\Lib\socket.py", line 706, in readinto
    return self._sock.recv_into(b)
           ^^^^^^^^^^^^^^^^^^^^^^^
ConnectionResetError: [WinError 10054] í˜„ì¬ ì—°ê²°ì€ ì›ê²© í˜¸ìŠ¤íŠ¸ì— ì˜í•´ ê°•ì œë¡œ ëŠê²¼ìŠµë‹ˆë‹¤

During handling of the above exception, another exception occurred:

Traceback (most recent call last):
  File "C:\Users\jaehy\anaconda3\Lib\site-packages\py4j\java_gateway.py", line 1038, in send_command
    response = connection.send_command(command)
               ^^^^^^^^^^^^^^^^^^^^^^^^^^^^^^^^
  File "C:\Users\jaehy\anaconda3\Lib\site-packages\py4j\clientserver.py", line 539, in send_command
    raise Py4JNetworkError(
py4j.protocol.Py4JNetworkError: Error while sending or receiving
2025-06-18 21:48:56,860 [INFO] Closing down clientserver connection
2025-06-18 21:48:56,887 [INFO] Closing down clientserver connection
